Temp/gradleOut/unityLibrary/build/intermediates/manifest_merge_blame_file/release/manifest-merger-blame-release-report.txt
1<?xml version="1.0" encoding="utf-8"?>
2<!-- GENERATED BY UNITY. REMOVE THIS COMMENT TO PREVENT OVERWRITING WHEN EXPORTING AGAIN -->
3<manifest xmlns:android="http://schemas.android.com/apk/res/android"
4    xmlns:tools="http://schemas.android.com/tools"
5    package="com.unity3d.player"
6    android:versionCode="5"
7    android:versionName="1.1" >
8
9    <uses-sdk
10        android:minSdkVersion="30"
10-->src/main/AndroidManifest.xml
11        android:targetSdkVersion="30" />
11-->src/main/AndroidManifest.xml
12
13    <uses-feature android:glEsVersion="0x00030000" />
13-->src/main/AndroidManifest.xml:19:3-52
13-->src/main/AndroidManifest.xml:19:17-49
14    <uses-feature
14-->src/main/AndroidManifest.xml:20:3-91
15        android:name="android.hardware.vulkan.version"
15-->src/main/AndroidManifest.xml:20:17-63
16        android:required="false" />
16-->src/main/AndroidManifest.xml:20:64-88
17    <uses-feature
17-->src/main/AndroidManifest.xml:21:3-88
18        android:name="android.hardware.touchscreen"
18-->src/main/AndroidManifest.xml:21:17-60
19        android:required="false" />
19-->src/main/AndroidManifest.xml:21:61-85
20    <uses-feature
20-->src/main/AndroidManifest.xml:22:3-99
21        android:name="android.hardware.touchscreen.multitouch"
21-->src/main/AndroidManifest.xml:22:17-71
22        android:required="false" />
22-->src/main/AndroidManifest.xml:22:72-96
23    <uses-feature
23-->src/main/AndroidManifest.xml:23:3-108
24        android:name="android.hardware.touchscreen.multitouch.distinct"
24-->src/main/AndroidManifest.xml:23:17-80
25        android:required="false" />
25-->src/main/AndroidManifest.xml:23:81-105
26
27    <application>
27-->src/main/AndroidManifest.xml:4:3-18:17
28        <activity
28-->src/main/AndroidManifest.xml:5:5-12:16
29            android:name="com.unity3d.player.UnityPlayerActivity"
29-->src/main/AndroidManifest.xml:5:15-68
30            android:configChanges="mcc|mnc|locale|touchscreen|keyboard|keyboardHidden|navigation|orientation|screenLayout|uiMode|screenSize|smallestScreenSize|fontScale|layoutDirection|density"
30-->src/main/AndroidManifest.xml:5:205-386
31            android:exported="false"
31-->src/main/AndroidManifest.xml:5:111-135
32            android:hardwareAccelerated="false"
32-->src/main/AndroidManifest.xml:5:422-457
33            android:launchMode="singleTask"
33-->src/main/AndroidManifest.xml:5:173-204
34            android:resizeableActivity="false"
34-->src/main/AndroidManifest.xml:5:387-421
35            android:screenOrientation="portrait"
35-->src/main/AndroidManifest.xml:5:136-172
36            android:theme="@style/UnityThemeSelector" >
36-->src/main/AndroidManifest.xml:5:69-110
37            <intent-filter>
37-->src/main/AndroidManifest.xml:6:7-9:23
38                <action android:name="android.intent.action.MAIN" />
38-->src/main/AndroidManifest.xml:7:9-61
38-->src/main/AndroidManifest.xml:7:17-58
39
40                <category android:name="android.intent.category.LAUNCHER" />
40-->src/main/AndroidManifest.xml:8:9-69
40-->src/main/AndroidManifest.xml:8:19-66
41            </intent-filter>
42
43            <meta-data
43-->src/main/AndroidManifest.xml:10:7-82
44                android:name="unityplayer.UnityActivity"
44-->src/main/AndroidManifest.xml:10:18-58
45                android:value="true" />
45-->src/main/AndroidManifest.xml:10:59-79
46            <meta-data
46-->src/main/AndroidManifest.xml:11:7-78
47                android:name="android.notch_support"
47-->src/main/AndroidManifest.xml:11:18-54
48                android:value="true" />
48-->src/main/AndroidManifest.xml:11:55-75
49        </activity>
50
51        <meta-data
51-->src/main/AndroidManifest.xml:13:5-69
52            android:name="unity.splash-mode"
52-->src/main/AndroidManifest.xml:13:16-48
53            android:value="0" />
53-->src/main/AndroidManifest.xml:13:49-66
54        <meta-data
54-->src/main/AndroidManifest.xml:14:5-74
55            android:name="unity.splash-enable"
55-->src/main/AndroidManifest.xml:14:16-50
56            android:value="True" />
56-->src/main/AndroidManifest.xml:14:51-71
57        <meta-data
57-->src/main/AndroidManifest.xml:15:5-84
58            android:name="unity.allow-resizable-window"
58-->src/main/AndroidManifest.xml:15:16-59
59            android:value="False" />
59-->src/main/AndroidManifest.xml:15:60-81
60        <meta-data
60-->src/main/AndroidManifest.xml:16:5-81
61            android:name="notch.config"
61-->src/main/AndroidManifest.xml:16:16-43
62            android:value="portrait|landscape" />
62-->src/main/AndroidManifest.xml:16:44-78
63        <meta-data
63-->src/main/AndroidManifest.xml:17:5-101
64            android:name="unity.build-id"
64-->src/main/AndroidManifest.xml:17:16-45
65            android:value="c46f09e5-c794-40d6-9305-4d1361734514" />
65-->src/main/AndroidManifest.xml:17:46-98
66    </application>
67
68</manifest>